Using pre-set license
Built from '2020.3/china_unity/release' branch; Version is '2020.3.21f1c1 (ae728190a658) revision 11432577'; Using compiler version '192528614'; Build Type 'Release'
OS: 'Windows 10 Home China; OS build 19042.1288; Version 2009; 64bit' Language: 'zh' Physical Memory: 16126 MB
BatchMode: 1, IsHumanControllingUs: 0, StartBugReporterOnCrash: 0, Is64bit: 1, IsPro: 0

COMMAND LINE ARGUMENTS:
D:\Unity 2020.3.21f1c1\Editor\Unity.exe
-adb2
-batchMode
-noUpm
-name
AssetImportWorker0
-projectPath
C:/Users/LC/New Unity Project
-logFile
Logs/AssetImportWorker0.log
-srvPort
56604
Successfully changed project path to: C:/Users/LC/New Unity Project
C:/Users/LC/New Unity Project
Using Asset Import Pipeline V2.
AS: AutoStreaming module initializing.Refreshing native plugins compatible for Editor in 35.69 ms, found 3 plugins.
Preloading 0 native plugins for Editor in 0.00 ms.
Initialize engine version: 2020.3.21f1c1 (ae728190a658)
[Subsystems] Discovering subsystems at path D:/Unity 2020.3.21f1c1/Editor/Data/Resources/UnitySubsystems
[Subsystems] Discovering subsystems at path C:/Users/LC/New Unity Project/Assets
GfxDevice: creating device client; threaded=0
Direct3D:
    Version:  Direct3D 11.0 [level 11.1]
    Renderer: NVIDIA GeForce RTX 3060 Laptop GPU (ID=0x2560)
    Vendor:   
    VRAM:     6023 MB
    Driver:   27.21.14.6685
Initialize mono
Mono path[0] = 'D:/Unity 2020.3.21f1c1/Editor/Data/Managed'
Mono path[1] = 'D:/Unity 2020.3.21f1c1/Editor/Data/MonoBleedingEdge/lib/mono/unityjit'
Mono config path = 'D:/Unity 2020.3.21f1c1/Editor/Data/MonoBleedingEdge/etc'
Using monoOptions --debugger-agent=transport=dt_socket,embedding=1,server=y,suspend=n,address=127.0.0.1:56660
Begin MonoManager ReloadAssembly
Registering precompiled unity dll's ...
Register platform support module: D:/Unity 2020.3.21f1c1/Editor/Data/PlaybackEngines/WindowsStandaloneSupport/UnityEditor.WindowsStandalone.Extensions.dll
Registered in 0.000766 seconds.
Native extension for WindowsStandalone target not found
Refreshing native plugins compatible for Editor in 39.73 ms, found 3 plugins.
Preloading 0 native plugins for Editor in 0.00 ms.
Mono: successfully reloaded assembly
- Completed reload, in  0.705 seconds
Domain Reload Profiling:
	ReloadAssembly (705ms)
		BeginReloadAssembly (40ms)
			ExecutionOrderSort (0ms)
			DisableScriptedObjects (0ms)
			BackupInstance (0ms)
			ReleaseScriptingObjects (0ms)
			CreateAndSetChildDomain (1ms)
		EndReloadAssembly (347ms)
			LoadAssemblies (40ms)
			RebuildTransferFunctionScriptingTraits (0ms)
			SetupTypeCache (112ms)
			ReleaseScriptCaches (0ms)
			RebuildScriptCaches (23ms)
			SetupLoadedEditorAssemblies (139ms)
				LogAssemblyErrors (0ms)
				InitializePlatformSupportModulesInManaged (3ms)
				SetLoadedEditorAssemblies (0ms)
				RefreshPlugins (40ms)
				BeforeProcessingInitializeOnLoad (8ms)
				ProcessInitializeOnLoadAttributes (66ms)
				ProcessInitializeOnLoadMethodAttributes (22ms)
				AfterProcessingInitializeOnLoad (0ms)
				EditorAssembliesLoaded (0ms)
			ExecutionOrderSort2 (0ms)
			AwakeInstancesAfterBackupRestoration (0ms)
Platform modules already initialized, skipping
Registering precompiled user dll's ...
Registered in 0.004785 seconds.
Begin MonoManager ReloadAssembly
Native extension for WindowsStandalone target not found
Refreshing native plugins compatible for Editor in 35.60 ms, found 3 plugins.
Preloading 0 native plugins for Editor in 0.00 ms.
Mono: successfully reloaded assembly
- Completed reload, in  0.851 seconds
Domain Reload Profiling:
	ReloadAssembly (852ms)
		BeginReloadAssembly (109ms)
			ExecutionOrderSort (0ms)
			DisableScriptedObjects (3ms)
			BackupInstance (0ms)
			ReleaseScriptingObjects (0ms)
			CreateAndSetChildDomain (16ms)
		EndReloadAssembly (698ms)
			LoadAssemblies (73ms)
			RebuildTransferFunctionScriptingTraits (0ms)
			SetupTypeCache (225ms)
			ReleaseScriptCaches (0ms)
			RebuildScriptCaches (34ms)
			SetupLoadedEditorAssemblies (278ms)
				LogAssemblyErrors (0ms)
				InitializePlatformSupportModulesInManaged (3ms)
				SetLoadedEditorAssemblies (0ms)
				RefreshPlugins (36ms)
				BeforeProcessingInitializeOnLoad (59ms)
				ProcessInitializeOnLoadAttributes (163ms)
				ProcessInitializeOnLoadMethodAttributes (15ms)
				AfterProcessingInitializeOnLoad (2ms)
				EditorAssembliesLoaded (0ms)
			ExecutionOrderSort2 (0ms)
			AwakeInstancesAfterBackupRestoration (5ms)
Platform modules already initialized, skipping
========================================================================
Worker process is ready to serve import requests
Launched and connected shader compiler UnityShaderCompiler.exe after 0.05 seconds
Refreshing native plugins compatible for Editor in 0.62 ms, found 3 plugins.
Preloading 0 native plugins for Editor in 0.00 ms.
Unloading 2182 Unused Serialized files (Serialized files now loaded: 0)
System memory in use before: 97.8 MB.
System memory in use after: 97.9 MB.

Unloading 28 unused Assets to reduce memory usage. Loaded Objects now: 2616.
Total: 2.614100 ms (FindLiveObjects: 0.158000 ms CreateObjectMapping: 0.045600 ms MarkObjects: 2.344300 ms  DeleteObjects: 0.065400 ms)

AssetImportParameters requested are different than current active one (requested -> active):
  custom:framework-win-MediaFoundation: 216162199b28c13a410421893ffa2e32 -> 
  custom:video-decoder-ogg-theora: a1e56fd34408186e4bbccfd4996cb3dc -> 
  custom:container-muxer-webm: aa71ff27fc2769a1b78a27578f13a17b -> 
  custom:container-demuxer-webm: 4f35f7cbe854078d1ac9338744f61a02 -> 
  custom:container-demuxer-ogg: 62fdf1f143b41e24485cea50d1cbac27 -> 
  custom:video-encoder-webm-vp8: eb34c28f22e8b96e1ab97ce403110664 -> 
  custom:video-codec-MediaFoundation-h265: 746d11721c4dcdbdad8f713fa42b33f4 -> 
  custom:video-decoder-webm-vp8: 9c59270c3fd7afecdb556c50c9e8de78 -> 
  custom:audio-decoder-ogg-vorbis: bf7c407c2cedff20999df2af8eb42d56 -> 
  custom:audio-encoder-webm-vorbis: bf7c407c2cedff20999df2af8eb42d56 -> 
========================================================================
Received Import Request.
  path: Assets/Sunnyland/artwork/Environment/tileset.asset
  artifactKey: Guid(e580a0f34e850cb42b8e50a1cd4a362a) Importer(815301076,1909f56bfc062723c751e8b465ee728b)
Start importing Assets/Sunnyland/artwork/Environment/tileset.asset using Guid(e580a0f34e850cb42b8e50a1cd4a362a) Importer(815301076,1909f56bfc062723c751e8b465ee728b)  -> (artifact id: '04c7bd9bd995994a4a92fe9735bfc654') in 0.073229 seconds 
  Import took 0.077758 seconds .

========================================================================
Received Import Request.
  Time since last request: 6.626488 seconds.
  path: Assets/Sunnyland/artwork/Environment/tileset.png
  artifactKey: Guid(3b66e1a27c9634fe9a4746c47eeda7cc) Importer(815301076,1909f56bfc062723c751e8b465ee728b)
Start importing Assets/Sunnyland/artwork/Environment/tileset.png using Guid(3b66e1a27c9634fe9a4746c47eeda7cc) Importer(815301076,1909f56bfc062723c751e8b465ee728b)  -> (artifact id: 'ef9aa8c59117698de06761d13ce17310') in 0.079465 seconds 
  Import took 0.082842 seconds .

========================================================================
Received Import Request.
  Time since last request: 294.893985 seconds.
  path: Assets/Sunnyland/artwork/Sprites/Enemies
  artifactKey: Guid(c7f1351336fe548caa5323a57a6c930a) Importer(815301076,1909f56bfc062723c751e8b465ee728b)
Start importing Assets/Sunnyland/artwork/Sprites/Enemies using Guid(c7f1351336fe548caa5323a57a6c930a) Importer(815301076,1909f56bfc062723c751e8b465ee728b)  -> (artifact id: '41753eb07dd10040b51bfddd7fa4db6e') in 0.003860 seconds 
  Import took 0.008028 seconds .

========================================================================
Received Import Request.
  Time since last request: 1.916342 seconds.
  path: Assets/Sunnyland/artwork/Sprites
  artifactKey: Guid(b6238935cfd4648cf866141c0ee28c85) Importer(815301076,1909f56bfc062723c751e8b465ee728b)
Start importing Assets/Sunnyland/artwork/Sprites using Guid(b6238935cfd4648cf866141c0ee28c85) Importer(815301076,1909f56bfc062723c751e8b465ee728b)  -> (artifact id: '30a1cdf49dae176ba251a1e799cd1bab') in 0.002549 seconds 
  Import took 0.006405 seconds .

========================================================================
Received Import Request.
  Time since last request: 0.325533 seconds.
  path: Assets/Sunnyland/artwork
  artifactKey: Guid(2f17d1e6a207e4d8eb72bd03b1b645ac) Importer(815301076,1909f56bfc062723c751e8b465ee728b)
Start importing Assets/Sunnyland/artwork using Guid(2f17d1e6a207e4d8eb72bd03b1b645ac) Importer(815301076,1909f56bfc062723c751e8b465ee728b)  -> (artifact id: '81a74d76d4688b1d4a5c3a255f24721c') in 0.002531 seconds 
  Import took 0.008097 seconds .

========================================================================
Received Import Request.
  Time since last request: 41.222595 seconds.
  path: Assets/Sunnyland/artwork/Environment/tileset.png
  artifactKey: Guid(3b66e1a27c9634fe9a4746c47eeda7cc) Importer(815301076,1909f56bfc062723c751e8b465ee728b)
Start importing Assets/Sunnyland/artwork/Environment/tileset.png using Guid(3b66e1a27c9634fe9a4746c47eeda7cc) Importer(815301076,1909f56bfc062723c751e8b465ee728b)  -> (artifact id: 'bff70a4b245820b03ff812f26fc33c44') in 0.009009 seconds 
  Import took 0.012295 seconds .

========================================================================
Received Import Request.
  Time since last request: 59.994915 seconds.
  path: Assets/Sunnyland/artwork/Environment/tileset.png
  artifactKey: Guid(3b66e1a27c9634fe9a4746c47eeda7cc) Importer(815301076,1909f56bfc062723c751e8b465ee728b)
Start importing Assets/Sunnyland/artwork/Environment/tileset.png using Guid(3b66e1a27c9634fe9a4746c47eeda7cc) Importer(815301076,1909f56bfc062723c751e8b465ee728b)  -> (artifact id: '7c011c6ed956933503ec86b6ed2ded43') in 0.406300 seconds 
  Import took 0.411529 seconds .

========================================================================
Received Import Request.
  Time since last request: 3636.779863 seconds.
  path: Assets/Sunnyland/artwork/Environment/map
  artifactKey: Guid(64d61ab82056d7646b007cbccd7a0f03) Importer(815301076,1909f56bfc062723c751e8b465ee728b)
Start importing Assets/Sunnyland/artwork/Environment/map using Guid(64d61ab82056d7646b007cbccd7a0f03) Importer(815301076,1909f56bfc062723c751e8b465ee728b)  -> (artifact id: 'c5118eb2a0405697146e90245e1ef88b') in 0.003180 seconds 
  Import took 0.009107 seconds .

========================================================================
Received Import Request.
  Time since last request: 0.072235 seconds.
  path: Assets/Sunnyland/artwork/Environment/map/map.prefab
  artifactKey: Guid(27f5b1911352ff049b42fd740c14c9bf) Importer(815301076,1909f56bfc062723c751e8b465ee728b)
Start importing Assets/Sunnyland/artwork/Environment/map/map.prefab using Guid(27f5b1911352ff049b42fd740c14c9bf) Importer(815301076,1909f56bfc062723c751e8b465ee728b)  -> (artifact id: 'fab60e5516d9dfaad699781749f08d28') in 0.084226 seconds 
  Import took 0.088453 seconds .

========================================================================
Received Import Request.
  Time since last request: 0.000204 seconds.
  path: Assets/Sunnyland/artwork/Environment/map/tileset_0.asset
  artifactKey: Guid(adf95425fb1480a468e8bbce177130cc) Importer(815301076,1909f56bfc062723c751e8b465ee728b)
Start importing Assets/Sunnyland/artwork/Environment/map/tileset_0.asset using Guid(adf95425fb1480a468e8bbce177130cc) Importer(815301076,1909f56bfc062723c751e8b465ee728b)  -> (artifact id: '8605938852a35532e93351ced7e63d65') in 0.016698 seconds 
  Import took 0.020296 seconds .

========================================================================
Received Import Request.
  Time since last request: 0.000177 seconds.
  path: Assets/Sunnyland/artwork/Environment/map/tileset_1.asset
  artifactKey: Guid(2c12567247749254ebb46bda1035cd4f) Importer(815301076,1909f56bfc062723c751e8b465ee728b)
Start importing Assets/Sunnyland/artwork/Environment/map/tileset_1.asset using Guid(2c12567247749254ebb46bda1035cd4f) Importer(815301076,1909f56bfc062723c751e8b465ee728b)  -> (artifact id: 'ace1c5036e4f3fe730cad2d328a8bbed') in 0.014177 seconds 
  Import took 0.017080 seconds .

========================================================================
Received Import Request.
  Time since last request: 0.000186 seconds.
  path: Assets/Sunnyland/artwork/Environment/map/tileset_4.asset
  artifactKey: Guid(20dded889b89aca4183d72c8d06acf82) Importer(815301076,1909f56bfc062723c751e8b465ee728b)
Start importing Assets/Sunnyland/artwork/Environment/map/tileset_4.asset using Guid(20dded889b89aca4183d72c8d06acf82) Importer(815301076,1909f56bfc062723c751e8b465ee728b)  -> (artifact id: '814a650c49cfa375a5bf3e3941572461') in 0.008895 seconds 
  Import took 0.011847 seconds .

========================================================================
Received Import Request.
  Time since last request: 0.000266 seconds.
  path: Assets/Sunnyland/artwork/Environment/map/tileset_20.asset
  artifactKey: Guid(0ad3b0a618e719242a8760a4a2976f23) Importer(815301076,1909f56bfc062723c751e8b465ee728b)
Start importing Assets/Sunnyland/artwork/Environment/map/tileset_20.asset using Guid(0ad3b0a618e719242a8760a4a2976f23) Importer(815301076,1909f56bfc062723c751e8b465ee728b)  -> (artifact id: '96e6ce47b3c8e4ebc70b4a3a7c4fb52d') in 0.026423 seconds 
  Import took 0.029482 seconds .

========================================================================
Received Import Request.
  Time since last request: 0.000211 seconds.
  path: Assets/Sunnyland/artwork/Environment/map/tileset_35.asset
  artifactKey: Guid(ddea2de40d859f64d880fb57ebd60ac6) Importer(815301076,1909f56bfc062723c751e8b465ee728b)
Start importing Assets/Sunnyland/artwork/Environment/map/tileset_35.asset using Guid(ddea2de40d859f64d880fb57ebd60ac6) Importer(815301076,1909f56bfc062723c751e8b465ee728b)  -> (artifact id: 'd769dbba4cac4ee9e9281f23c86cd86a') in 0.022124 seconds 
  Import took 0.025398 seconds .

========================================================================
Received Import Request.
  Time since last request: 0.000255 seconds.
  path: Assets/Sunnyland/artwork/Environment/map/tileset_36.asset
  artifactKey: Guid(ce20ee45f7dfb9a4c9e05314fd76909a) Importer(815301076,1909f56bfc062723c751e8b465ee728b)
Start importing Assets/Sunnyland/artwork/Environment/map/tileset_36.asset using Guid(ce20ee45f7dfb9a4c9e05314fd76909a) Importer(815301076,1909f56bfc062723c751e8b465ee728b)  -> (artifact id: '824bc48259caa28316abc3b0d603daa3') in 0.008132 seconds 
  Import took 0.010918 seconds .

========================================================================
Received Import Request.
  Time since last request: 0.000170 seconds.
  path: Assets/Sunnyland/artwork/Environment/map/tileset_9.asset
  artifactKey: Guid(20bc49c398b6dda45bad515d630ab2d1) Importer(815301076,1909f56bfc062723c751e8b465ee728b)
Start importing Assets/Sunnyland/artwork/Environment/map/tileset_9.asset using Guid(20bc49c398b6dda45bad515d630ab2d1) Importer(815301076,1909f56bfc062723c751e8b465ee728b)  -> (artifact id: '88d11ca531c1f7b136a8f464b1516b4d') in 0.008926 seconds 
  Import took 0.011844 seconds .

========================================================================
Received Import Request.
  Time since last request: 0.000188 seconds.
  path: Assets/Sunnyland/artwork/Environment/map/tileset_32.asset
  artifactKey: Guid(7cd83e5bbd46d5742bcdb15777f43e12) Importer(815301076,1909f56bfc062723c751e8b465ee728b)
Start importing Assets/Sunnyland/artwork/Environment/map/tileset_32.asset using Guid(7cd83e5bbd46d5742bcdb15777f43e12) Importer(815301076,1909f56bfc062723c751e8b465ee728b)  -> (artifact id: '5fa73eb1bfc0268179b298ae07c88f6a') in 0.009255 seconds 
  Import took 0.012016 seconds .

========================================================================
Received Import Request.
  Time since last request: 0.000174 seconds.
  path: Assets/Sunnyland/artwork/Environment/map/tileset_13.asset
  artifactKey: Guid(a65f4556b02fbc84b942e30abee146f1) Importer(815301076,1909f56bfc062723c751e8b465ee728b)
Start importing Assets/Sunnyland/artwork/Environment/map/tileset_13.asset using Guid(a65f4556b02fbc84b942e30abee146f1) Importer(815301076,1909f56bfc062723c751e8b465ee728b)  -> (artifact id: '049ef6e62567829d72e657308a1dc7c0') in 0.008604 seconds 
  Import took 0.011371 seconds .

========================================================================
Received Import Request.
  Time since last request: 0.000185 seconds.
  path: Assets/Sunnyland/artwork/Environment/map/tileset_19.asset
  artifactKey: Guid(3739bf52fa3101442a4ee4f74391ea01) Importer(815301076,1909f56bfc062723c751e8b465ee728b)
Start importing Assets/Sunnyland/artwork/Environment/map/tileset_19.asset using Guid(3739bf52fa3101442a4ee4f74391ea01) Importer(815301076,1909f56bfc062723c751e8b465ee728b)  -> (artifact id: '920ac671a0f69d179a792ee31dcc7784') in 0.008257 seconds 
  Import took 0.011260 seconds .

========================================================================
Received Import Request.
  Time since last request: 0.000166 seconds.
  path: Assets/Sunnyland/artwork/Environment/map/tileset_29.asset
  artifactKey: Guid(b2b7aa06fa24c0046a561248bdd451ec) Importer(815301076,1909f56bfc062723c751e8b465ee728b)
Start importing Assets/Sunnyland/artwork/Environment/map/tileset_29.asset using Guid(b2b7aa06fa24c0046a561248bdd451ec) Importer(815301076,1909f56bfc062723c751e8b465ee728b)  -> (artifact id: '9075b454677e7416ec19fb505ca2186f') in 0.015212 seconds 
  Import took 0.018095 seconds .

========================================================================
Received Import Request.
  Time since last request: 0.000187 seconds.
  path: Assets/Sunnyland/artwork/Environment/map/tileset_33.asset
  artifactKey: Guid(32f166bd8a52d4d488597bb221444083) Importer(815301076,1909f56bfc062723c751e8b465ee728b)
Start importing Assets/Sunnyland/artwork/Environment/map/tileset_33.asset using Guid(32f166bd8a52d4d488597bb221444083) Importer(815301076,1909f56bfc062723c751e8b465ee728b)  -> (artifact id: 'a3c9eb3cd3f09ddfd20f93a028e547bc') in 0.009610 seconds 
  Import took 0.012672 seconds .

========================================================================
Received Import Request.
  Time since last request: 0.000163 seconds.
  path: Assets/Sunnyland/artwork/Environment/map/tileset_10.asset
  artifactKey: Guid(84eea25c12fd35c42bb392705c9a2848) Importer(815301076,1909f56bfc062723c751e8b465ee728b)
Start importing Assets/Sunnyland/artwork/Environment/map/tileset_10.asset using Guid(84eea25c12fd35c42bb392705c9a2848) Importer(815301076,1909f56bfc062723c751e8b465ee728b)  -> (artifact id: '0d5f9e00efeb74657f444d394b458b23') in 0.011636 seconds 
  Import took 0.014497 seconds .

========================================================================
Received Import Request.
  Time since last request: 0.000197 seconds.
  path: Assets/Sunnyland/artwork/Environment/map/tileset_11.asset
  artifactKey: Guid(ed4c08a081e29a14ca8712eaae8ee147) Importer(815301076,1909f56bfc062723c751e8b465ee728b)
Start importing Assets/Sunnyland/artwork/Environment/map/tileset_11.asset using Guid(ed4c08a081e29a14ca8712eaae8ee147) Importer(815301076,1909f56bfc062723c751e8b465ee728b)  -> (artifact id: 'e34f082d543c1a0e03a8e958f146cec1') in 0.008128 seconds 
  Import took 0.010963 seconds .

========================================================================
Received Import Request.
  Time since last request: 0.000137 seconds.
  path: Assets/Sunnyland/artwork/Environment/map/tileset_22.asset
  artifactKey: Guid(2211022da0560cc44823fc23b93d1343) Importer(815301076,1909f56bfc062723c751e8b465ee728b)
Start importing Assets/Sunnyland/artwork/Environment/map/tileset_22.asset using Guid(2211022da0560cc44823fc23b93d1343) Importer(815301076,1909f56bfc062723c751e8b465ee728b)  -> (artifact id: '0ba7e4bda0d7fe7d547c0e0b47fb99d4') in 0.006791 seconds 
  Import took 0.009633 seconds .

========================================================================
Received Import Request.
  Time since last request: 0.000170 seconds.
  path: Assets/Sunnyland/artwork/Environment/map/tileset_15.asset
  artifactKey: Guid(9ce14fa8e33b0b342a5b5a0d03fbeee0) Importer(815301076,1909f56bfc062723c751e8b465ee728b)
Start importing Assets/Sunnyland/artwork/Environment/map/tileset_15.asset using Guid(9ce14fa8e33b0b342a5b5a0d03fbeee0) Importer(815301076,1909f56bfc062723c751e8b465ee728b)  -> (artifact id: '37ffafcf600f4daa8372c63ce487ead5') in 0.006648 seconds 
  Import took 0.009527 seconds .

========================================================================
Received Import Request.
  Time since last request: 0.000186 seconds.
  path: Assets/Sunnyland/artwork/Environment/map/tileset_34.asset
  artifactKey: Guid(11fe0cad4b3af46448fd55d0393f569a) Importer(815301076,1909f56bfc062723c751e8b465ee728b)
Start importing Assets/Sunnyland/artwork/Environment/map/tileset_34.asset using Guid(11fe0cad4b3af46448fd55d0393f569a) Importer(815301076,1909f56bfc062723c751e8b465ee728b)  -> (artifact id: 'fec9cfa8f1a14fc19daf26e84c896bd3') in 0.006563 seconds 
  Import took 0.009261 seconds .

========================================================================
Received Import Request.
  Time since last request: 0.000183 seconds.
  path: Assets/Sunnyland/artwork/Environment/map/tileset_24.asset
  artifactKey: Guid(fab6d78c5ef69c04cb749c35e50e1922) Importer(815301076,1909f56bfc062723c751e8b465ee728b)
Start importing Assets/Sunnyland/artwork/Environment/map/tileset_24.asset using Guid(fab6d78c5ef69c04cb749c35e50e1922) Importer(815301076,1909f56bfc062723c751e8b465ee728b)  -> (artifact id: '42d8ecfedc158de3923a94f026c76649') in 0.006312 seconds 
  Import took 0.009072 seconds .

========================================================================
Received Import Request.
  Time since last request: 0.000180 seconds.
  path: Assets/Sunnyland/artwork/Environment/map/tileset_39.asset
  artifactKey: Guid(3f6c3cbe72cf3c849842b7589cdb0d6d) Importer(815301076,1909f56bfc062723c751e8b465ee728b)
Start importing Assets/Sunnyland/artwork/Environment/map/tileset_39.asset using Guid(3f6c3cbe72cf3c849842b7589cdb0d6d) Importer(815301076,1909f56bfc062723c751e8b465ee728b)  -> (artifact id: '4c15333435f0241782fd8a2d32932d18') in 0.006527 seconds 
  Import took 0.009459 seconds .

========================================================================
Received Import Request.
  Time since last request: 0.000189 seconds.
  path: Assets/Sunnyland/artwork/Environment/map/tileset_5.asset
  artifactKey: Guid(56608ed12a627244d8dd41debd181666) Importer(815301076,1909f56bfc062723c751e8b465ee728b)
Start importing Assets/Sunnyland/artwork/Environment/map/tileset_5.asset using Guid(56608ed12a627244d8dd41debd181666) Importer(815301076,1909f56bfc062723c751e8b465ee728b)  -> (artifact id: '1c9ce9b17079e9999d9adb5297530de9') in 0.006677 seconds 
  Import took 0.009386 seconds .

========================================================================
Received Import Request.
  Time since last request: 0.000178 seconds.
  path: Assets/Sunnyland/artwork/Environment/map/tileset_17.asset
  artifactKey: Guid(aab6e5ecfd5644e43baca18ba8ed0deb) Importer(815301076,1909f56bfc062723c751e8b465ee728b)
Start importing Assets/Sunnyland/artwork/Environment/map/tileset_17.asset using Guid(aab6e5ecfd5644e43baca18ba8ed0deb) Importer(815301076,1909f56bfc062723c751e8b465ee728b)  -> (artifact id: '1e7cf5918f69acef3f3d19a08740f0e9') in 0.007160 seconds 
  Import took 0.009870 seconds .

========================================================================
Received Import Request.
  Time since last request: 0.000187 seconds.
  path: Assets/Sunnyland/artwork/Environment/map/tileset_8.asset
  artifactKey: Guid(262a2440a722d4742ba460864f0b9596) Importer(815301076,1909f56bfc062723c751e8b465ee728b)
Start importing Assets/Sunnyland/artwork/Environment/map/tileset_8.asset using Guid(262a2440a722d4742ba460864f0b9596) Importer(815301076,1909f56bfc062723c751e8b465ee728b)  -> (artifact id: '1af16150a2fb7df3cc726a066694221d') in 0.006747 seconds 
  Import took 0.009523 seconds .

========================================================================
Received Import Request.
  Time since last request: 0.000185 seconds.
  path: Assets/Sunnyland/artwork/Environment/map/tileset_2.asset
  artifactKey: Guid(641350d6485189b4d81438010878601f) Importer(815301076,1909f56bfc062723c751e8b465ee728b)
Start importing Assets/Sunnyland/artwork/Environment/map/tileset_2.asset using Guid(641350d6485189b4d81438010878601f) Importer(815301076,1909f56bfc062723c751e8b465ee728b)  -> (artifact id: 'b80f04892173a201a20d3274261f43f1') in 0.006514 seconds 
  Import took 0.009154 seconds .

========================================================================
Received Import Request.
  Time since last request: 0.000174 seconds.
  path: Assets/Sunnyland/artwork/Environment/map/tileset_6.asset
  artifactKey: Guid(4c3e8a570ad94fb4fba222c33041498b) Importer(815301076,1909f56bfc062723c751e8b465ee728b)
Start importing Assets/Sunnyland/artwork/Environment/map/tileset_6.asset using Guid(4c3e8a570ad94fb4fba222c33041498b) Importer(815301076,1909f56bfc062723c751e8b465ee728b)  -> (artifact id: '0b968e4da55d65a2ecbd0dfdba196389') in 0.006677 seconds 
  Import took 0.009435 seconds .

========================================================================
Received Import Request.
  Time since last request: 0.000219 seconds.
  path: Assets/Sunnyland/artwork/Environment/map/tileset_12.asset
  artifactKey: Guid(0c643397407aac14ea0eaf681ef594c3) Importer(815301076,1909f56bfc062723c751e8b465ee728b)
Start importing Assets/Sunnyland/artwork/Environment/map/tileset_12.asset using Guid(0c643397407aac14ea0eaf681ef594c3) Importer(815301076,1909f56bfc062723c751e8b465ee728b)  -> (artifact id: '166c258a8d6d852832284db2eec026c8') in 0.006437 seconds 
  Import took 0.009492 seconds .

========================================================================
Received Import Request.
  Time since last request: 0.000168 seconds.
  path: Assets/Sunnyland/artwork/Environment/map/tileset_18.asset
  artifactKey: Guid(dc13ddac33430ad42a453e14d479e7c0) Importer(815301076,1909f56bfc062723c751e8b465ee728b)
Start importing Assets/Sunnyland/artwork/Environment/map/tileset_18.asset using Guid(dc13ddac33430ad42a453e14d479e7c0) Importer(815301076,1909f56bfc062723c751e8b465ee728b)  -> (artifact id: '918467d77d2c8881f7b887585aa15d43') in 0.006744 seconds 
  Import took 0.009519 seconds .

========================================================================
Received Import Request.
  Time since last request: 0.000159 seconds.
  path: Assets/Sunnyland/artwork/Environment/map/tileset_38.asset
  artifactKey: Guid(a85821461229d7747ac3b173b0969fed) Importer(815301076,1909f56bfc062723c751e8b465ee728b)
Start importing Assets/Sunnyland/artwork/Environment/map/tileset_38.asset using Guid(a85821461229d7747ac3b173b0969fed) Importer(815301076,1909f56bfc062723c751e8b465ee728b)  -> (artifact id: 'b6c70e988ff6d82a6d8a28368cf013e4') in 0.006761 seconds 
  Import took 0.009543 seconds .

========================================================================
Received Import Request.
  Time since last request: 0.000164 seconds.
  path: Assets/Sunnyland/artwork/Environment/map/tileset_27.asset
  artifactKey: Guid(46d58a729cca10f4bacb95f25d39ed36) Importer(815301076,1909f56bfc062723c751e8b465ee728b)
Start importing Assets/Sunnyland/artwork/Environment/map/tileset_27.asset using Guid(46d58a729cca10f4bacb95f25d39ed36) Importer(815301076,1909f56bfc062723c751e8b465ee728b)  -> (artifact id: '9c26488c8c84660c505570cb10c174b8') in 0.006530 seconds 
  Import took 0.009310 seconds .

========================================================================
Received Import Request.
  Time since last request: 0.000205 seconds.
  path: Assets/Sunnyland/artwork/Environment/map/tileset_26.asset
  artifactKey: Guid(8b55c381d4bd5b4458f64a9f94fffac9) Importer(815301076,1909f56bfc062723c751e8b465ee728b)
Start importing Assets/Sunnyland/artwork/Environment/map/tileset_26.asset using Guid(8b55c381d4bd5b4458f64a9f94fffac9) Importer(815301076,1909f56bfc062723c751e8b465ee728b)  -> (artifact id: 'c0cdb9d3858dae050d1144d7f37ff576') in 0.006686 seconds 
  Import took 0.009599 seconds .

========================================================================
Received Import Request.
  Time since last request: 0.000168 seconds.
  path: Assets/Sunnyland/artwork/Environment/map/tileset_14.asset
  artifactKey: Guid(8220d7b861d2e9f4a918d1634a284590) Importer(815301076,1909f56bfc062723c751e8b465ee728b)
Start importing Assets/Sunnyland/artwork/Environment/map/tileset_14.asset using Guid(8220d7b861d2e9f4a918d1634a284590) Importer(815301076,1909f56bfc062723c751e8b465ee728b)  -> (artifact id: '6aa56b3275a7cf7dc4f6805bb1b3ced2') in 0.006528 seconds 
  Import took 0.009184 seconds .

========================================================================
Received Import Request.
  Time since last request: 0.000152 seconds.
  path: Assets/Sunnyland/artwork/Environment/map/tileset_31.asset
  artifactKey: Guid(3c44774ec6e5c2144b92f2f0094e7392) Importer(815301076,1909f56bfc062723c751e8b465ee728b)
Start importing Assets/Sunnyland/artwork/Environment/map/tileset_31.asset using Guid(3c44774ec6e5c2144b92f2f0094e7392) Importer(815301076,1909f56bfc062723c751e8b465ee728b)  -> (artifact id: '664e0f37211613e6b3a2f192620a9c8f') in 0.006604 seconds 
  Import took 0.009419 seconds .

========================================================================
Received Import Request.
  Time since last request: 0.000203 seconds.
  path: Assets/Sunnyland/artwork/Environment/map/tileset_23.asset
  artifactKey: Guid(d5e797b36b9003d4f8e609b3df55512f) Importer(815301076,1909f56bfc062723c751e8b465ee728b)
Start importing Assets/Sunnyland/artwork/Environment/map/tileset_23.asset using Guid(d5e797b36b9003d4f8e609b3df55512f) Importer(815301076,1909f56bfc062723c751e8b465ee728b)  -> (artifact id: '15b94d509279d43b6a3f96a5955a8147') in 0.008155 seconds 
  Import took 0.011339 seconds .

========================================================================
Received Import Request.
  Time since last request: 0.000200 seconds.
  path: Assets/Sunnyland/artwork/Environment/map/tileset_3.asset
  artifactKey: Guid(d78cf462e1606a54f91869a9c9d1b2f8) Importer(815301076,1909f56bfc062723c751e8b465ee728b)
Start importing Assets/Sunnyland/artwork/Environment/map/tileset_3.asset using Guid(d78cf462e1606a54f91869a9c9d1b2f8) Importer(815301076,1909f56bfc062723c751e8b465ee728b)  -> (artifact id: 'b609bc3a96d9ae20209ce0c9ee577f54') in 0.006794 seconds 
  Import took 0.010007 seconds .

========================================================================
Received Import Request.
  Time since last request: 0.000167 seconds.
  path: Assets/Sunnyland/artwork/Environment/map/tileset_7.asset
  artifactKey: Guid(7fd48d37ed6744048b658a0997fb6938) Importer(815301076,1909f56bfc062723c751e8b465ee728b)
Start importing Assets/Sunnyland/artwork/Environment/map/tileset_7.asset using Guid(7fd48d37ed6744048b658a0997fb6938) Importer(815301076,1909f56bfc062723c751e8b465ee728b)  -> (artifact id: 'e12e5d39a9c1ee4d96a1b72bea9efe4f') in 0.006837 seconds 
  Import took 0.009524 seconds .

========================================================================
Received Import Request.
  Time since last request: 0.000166 seconds.
  path: Assets/Sunnyland/artwork/Environment/map/tileset_16.asset
  artifactKey: Guid(417893dfed8922e41b7efb6b48ce7477) Importer(815301076,1909f56bfc062723c751e8b465ee728b)
Start importing Assets/Sunnyland/artwork/Environment/map/tileset_16.asset using Guid(417893dfed8922e41b7efb6b48ce7477) Importer(815301076,1909f56bfc062723c751e8b465ee728b)  -> (artifact id: '45b80dc226095f192213456af00b20b3') in 0.007196 seconds 
  Import took 0.010046 seconds .

========================================================================
Received Import Request.
  Time since last request: 0.000183 seconds.
  path: Assets/Sunnyland/artwork/Environment/map/tileset_37.asset
  artifactKey: Guid(c59277529e91b104b9bb7c2464d7e7fa) Importer(815301076,1909f56bfc062723c751e8b465ee728b)
Start importing Assets/Sunnyland/artwork/Environment/map/tileset_37.asset using Guid(c59277529e91b104b9bb7c2464d7e7fa) Importer(815301076,1909f56bfc062723c751e8b465ee728b)  -> (artifact id: '0791d1e73260d879784aa82b2dd39ec8') in 0.006671 seconds 
  Import took 0.009428 seconds .

========================================================================
Received Import Request.
  Time since last request: 0.000194 seconds.
  path: Assets/Sunnyland/artwork/Environment/map/tileset_25.asset
  artifactKey: Guid(c31b6cbcc3f4f6849b9f650f1286476c) Importer(815301076,1909f56bfc062723c751e8b465ee728b)
Start importing Assets/Sunnyland/artwork/Environment/map/tileset_25.asset using Guid(c31b6cbcc3f4f6849b9f650f1286476c) Importer(815301076,1909f56bfc062723c751e8b465ee728b)  -> (artifact id: '0deffdbc660af2e052566e1386fb84b6') in 0.006435 seconds 
  Import took 0.009202 seconds .

========================================================================
Received Import Request.
  Time since last request: 0.000169 seconds.
  path: Assets/Sunnyland/artwork/Environment/map/tileset_30.asset
  artifactKey: Guid(cd4766ffd6296f44cb00d7161f4d7095) Importer(815301076,1909f56bfc062723c751e8b465ee728b)
Start importing Assets/Sunnyland/artwork/Environment/map/tileset_30.asset using Guid(cd4766ffd6296f44cb00d7161f4d7095) Importer(815301076,1909f56bfc062723c751e8b465ee728b)  -> (artifact id: '672d9957d6d091ae6b4f3e5ea86dd302') in 0.006852 seconds 
  Import took 0.009537 seconds .

========================================================================
Received Import Request.
  Time since last request: 0.000181 seconds.
  path: Assets/Sunnyland/artwork/Environment/map/tileset_21.asset
  artifactKey: Guid(5bee875418ef6844aade497ee0ca4140) Importer(815301076,1909f56bfc062723c751e8b465ee728b)
Start importing Assets/Sunnyland/artwork/Environment/map/tileset_21.asset using Guid(5bee875418ef6844aade497ee0ca4140) Importer(815301076,1909f56bfc062723c751e8b465ee728b)  -> (artifact id: 'd60aab26b5bb1e3b702cd9232da803fc') in 0.007238 seconds 
  Import took 0.010223 seconds .

========================================================================
Received Import Request.
  Time since last request: 0.000213 seconds.
  path: Assets/Sunnyland/artwork/Environment/map/tileset_28.asset
  artifactKey: Guid(b65bd7b8c5df81748897e9e89e5ba710) Importer(815301076,1909f56bfc062723c751e8b465ee728b)
Start importing Assets/Sunnyland/artwork/Environment/map/tileset_28.asset using Guid(b65bd7b8c5df81748897e9e89e5ba710) Importer(815301076,1909f56bfc062723c751e8b465ee728b)  -> (artifact id: '8dcd9ad92d90d112c3e5087ffd43f4a4') in 0.007220 seconds 
  Import took 0.010259 seconds .

========================================================================
Received Import Request.
  Time since last request: 1.063392 seconds.
  path: Assets/Sunnyland/artwork/Environment/map/tileset_40.asset
  artifactKey: Guid(445f8f20df14be943bd469b9bb8c0777) Importer(815301076,1909f56bfc062723c751e8b465ee728b)
Start importing Assets/Sunnyland/artwork/Environment/map/tileset_40.asset using Guid(445f8f20df14be943bd469b9bb8c0777) Importer(815301076,1909f56bfc062723c751e8b465ee728b)  -> (artifact id: '40d5307f6d5c3a413fe1a94afb876a16') in 0.007307 seconds 
  Import took 0.010177 seconds .

========================================================================
Received Import Request.
  Time since last request: 0.000186 seconds.
  path: Assets/Sunnyland/artwork/Environment/map/tileset_47.asset
  artifactKey: Guid(b1c4f74cab5686542a6c618ff340f0b3) Importer(815301076,1909f56bfc062723c751e8b465ee728b)
Start importing Assets/Sunnyland/artwork/Environment/map/tileset_47.asset using Guid(b1c4f74cab5686542a6c618ff340f0b3) Importer(815301076,1909f56bfc062723c751e8b465ee728b)  -> (artifact id: 'c82d2290f9064ed333f54f3904ebe980') in 0.009538 seconds 
  Import took 0.012325 seconds .

========================================================================
Received Import Request.
  Time since last request: 0.000183 seconds.
  path: Assets/Sunnyland/artwork/Environment/map/tileset_44.asset
  artifactKey: Guid(f976e9b8217b5ae4b999c24206f97a09) Importer(815301076,1909f56bfc062723c751e8b465ee728b)
Start importing Assets/Sunnyland/artwork/Environment/map/tileset_44.asset using Guid(f976e9b8217b5ae4b999c24206f97a09) Importer(815301076,1909f56bfc062723c751e8b465ee728b)  -> (artifact id: '7b3e4c53c852266ab846b18682dbb3aa') in 0.007883 seconds 
  Import took 0.010890 seconds .

========================================================================
Received Import Request.
  Time since last request: 0.000196 seconds.
  path: Assets/Sunnyland/artwork/Environment/map/tileset_49.asset
  artifactKey: Guid(94f4264055764624486bbb214fcf4bc0) Importer(815301076,1909f56bfc062723c751e8b465ee728b)
Start importing Assets/Sunnyland/artwork/Environment/map/tileset_49.asset using Guid(94f4264055764624486bbb214fcf4bc0) Importer(815301076,1909f56bfc062723c751e8b465ee728b)  -> (artifact id: '7fe4f223c27afb0b216a824b04c6374a') in 0.006573 seconds 
  Import took 0.009530 seconds .

========================================================================
Received Import Request.
  Time since last request: 0.000193 seconds.
  path: Assets/Sunnyland/artwork/Environment/map/tileset_42.asset
  artifactKey: Guid(1ac637dea043b6b46822310f5fe0523b) Importer(815301076,1909f56bfc062723c751e8b465ee728b)
Start importing Assets/Sunnyland/artwork/Environment/map/tileset_42.asset using Guid(1ac637dea043b6b46822310f5fe0523b) Importer(815301076,1909f56bfc062723c751e8b465ee728b)  -> (artifact id: 'ed1e5bccddf78c67646f6f2d60c16671') in 0.006775 seconds 
  Import took 0.009492 seconds .

========================================================================
Received Import Request.
  Time since last request: 0.000179 seconds.
  path: Assets/Sunnyland/artwork/Environment/map/tileset_46.asset
  artifactKey: Guid(5821da0287c3e904e81c536c70a7b5c7) Importer(815301076,1909f56bfc062723c751e8b465ee728b)
Start importing Assets/Sunnyland/artwork/Environment/map/tileset_46.asset using Guid(5821da0287c3e904e81c536c70a7b5c7) Importer(815301076,1909f56bfc062723c751e8b465ee728b)  -> (artifact id: '8d25b3f98244e1fc80ea5af9b0d207c5') in 0.007383 seconds 
  Import took 0.010217 seconds .

========================================================================
Received Import Request.
  Time since last request: 0.000205 seconds.
  path: Assets/Sunnyland/artwork/Environment/map/tileset_50.asset
  artifactKey: Guid(506cca9c9b0ca524f8ce672fdfd519c8) Importer(815301076,1909f56bfc062723c751e8b465ee728b)
Start importing Assets/Sunnyland/artwork/Environment/map/tileset_50.asset using Guid(506cca9c9b0ca524f8ce672fdfd519c8) Importer(815301076,1909f56bfc062723c751e8b465ee728b)  -> (artifact id: '3da153bcbb8faf68c3914d5ecb999c31') in 0.006587 seconds 
  Import took 0.009321 seconds .

========================================================================
Received Import Request.
  Time since last request: 0.000214 seconds.
  path: Assets/Sunnyland/artwork/Environment/map/tileset_58.asset
  artifactKey: Guid(26e3ac90955a8174db6c7c79bd606164) Importer(815301076,1909f56bfc062723c751e8b465ee728b)
Start importing Assets/Sunnyland/artwork/Environment/map/tileset_58.asset using Guid(26e3ac90955a8174db6c7c79bd606164) Importer(815301076,1909f56bfc062723c751e8b465ee728b)  -> (artifact id: 'a6a255c6f40ed26c6b4201b19f8697f3') in 0.006857 seconds 
  Import took 0.009742 seconds .

========================================================================
Received Import Request.
  Time since last request: 0.000203 seconds.
  path: Assets/Sunnyland/artwork/Environment/map/tileset_59.asset
  artifactKey: Guid(b4c47cbfaeffe41478a19dbf867439e2) Importer(815301076,1909f56bfc062723c751e8b465ee728b)
Start importing Assets/Sunnyland/artwork/Environment/map/tileset_59.asset using Guid(b4c47cbfaeffe41478a19dbf867439e2) Importer(815301076,1909f56bfc062723c751e8b465ee728b)  -> (artifact id: 'b0d166343e126c56d105821957c4f4b4') in 0.007321 seconds 
  Import took 0.010013 seconds .

========================================================================
Received Import Request.
  Time since last request: 0.000202 seconds.
  path: Assets/Sunnyland/artwork/Environment/map/tileset_52.asset
  artifactKey: Guid(bd010526861cdc047b2e16e973d15da6) Importer(815301076,1909f56bfc062723c751e8b465ee728b)
Start importing Assets/Sunnyland/artwork/Environment/map/tileset_52.asset using Guid(bd010526861cdc047b2e16e973d15da6) Importer(815301076,1909f56bfc062723c751e8b465ee728b)  -> (artifact id: '95b928c30e5aec414b852dc86220570b') in 0.007174 seconds 
  Import took 0.010212 seconds .

========================================================================
Received Import Request.
  Time since last request: 0.000193 seconds.
  path: Assets/Sunnyland/artwork/Environment/map/tileset_55.asset
  artifactKey: Guid(d6505e11efcdfc74182b80528cfbdc37) Importer(815301076,1909f56bfc062723c751e8b465ee728b)
Start importing Assets/Sunnyland/artwork/Environment/map/tileset_55.asset using Guid(d6505e11efcdfc74182b80528cfbdc37) Importer(815301076,1909f56bfc062723c751e8b465ee728b)  -> (artifact id: 'a4455d778d3d39ef3c75bd856037bc25') in 0.007128 seconds 
  Import took 0.009792 seconds .

========================================================================
Received Import Request.
  Time since last request: 0.000189 seconds.
  path: Assets/Sunnyland/artwork/Environment/map/tileset_57.asset
  artifactKey: Guid(6279201de9430c740b4301b60a1970fa) Importer(815301076,1909f56bfc062723c751e8b465ee728b)
Start importing Assets/Sunnyland/artwork/Environment/map/tileset_57.asset using Guid(6279201de9430c740b4301b60a1970fa) Importer(815301076,1909f56bfc062723c751e8b465ee728b)  -> (artifact id: 'fa0a9323fbd74eba5cca36ecbcf7db55') in 0.006937 seconds 
  Import took 0.009722 seconds .

========================================================================
Received Import Request.
  Time since last request: 0.000179 seconds.
  path: Assets/Sunnyland/artwork/Environment/map/tileset_56.asset
  artifactKey: Guid(4c1b65a5601986147a36a8d49b9633d5) Importer(815301076,1909f56bfc062723c751e8b465ee728b)
Start importing Assets/Sunnyland/artwork/Environment/map/tileset_56.asset using Guid(4c1b65a5601986147a36a8d49b9633d5) Importer(815301076,1909f56bfc062723c751e8b465ee728b)  -> (artifact id: '6916e19ca16d2ee32680a5fcc81df2e6') in 0.006888 seconds 
  Import took 0.009692 seconds .

========================================================================
Received Import Request.
  Time since last request: 0.000199 seconds.
  path: Assets/Sunnyland/artwork/Environment/map/tileset_48.asset
  artifactKey: Guid(d80261c2d8467c645a77d8e08ebcc17b) Importer(815301076,1909f56bfc062723c751e8b465ee728b)
Start importing Assets/Sunnyland/artwork/Environment/map/tileset_48.asset using Guid(d80261c2d8467c645a77d8e08ebcc17b) Importer(815301076,1909f56bfc062723c751e8b465ee728b)  -> (artifact id: '5e0a3a3d75dda2dd5ab702f262251f0f') in 0.006679 seconds 
  Import took 0.009417 seconds .

========================================================================
Received Import Request.
  Time since last request: 0.000177 seconds.
  path: Assets/Sunnyland/artwork/Environment/map/tileset_41.asset
  artifactKey: Guid(acd6a33480b066b4289ff1aa394964e0) Importer(815301076,1909f56bfc062723c751e8b465ee728b)
Start importing Assets/Sunnyland/artwork/Environment/map/tileset_41.asset using Guid(acd6a33480b066b4289ff1aa394964e0) Importer(815301076,1909f56bfc062723c751e8b465ee728b)  -> (artifact id: '54c2dc7c026972a7ebc77c9e78c9eb95') in 0.007015 seconds 
  Import took 0.009858 seconds .

========================================================================
Received Import Request.
  Time since last request: 0.000207 seconds.
  path: Assets/Sunnyland/artwork/Environment/map/tileset_54.asset
  artifactKey: Guid(da8eacd1f5af1514daeb531f5d2b6b19) Importer(815301076,1909f56bfc062723c751e8b465ee728b)
Start importing Assets/Sunnyland/artwork/Environment/map/tileset_54.asset using Guid(da8eacd1f5af1514daeb531f5d2b6b19) Importer(815301076,1909f56bfc062723c751e8b465ee728b)  -> (artifact id: 'e292190a31802043696a9c85d258ba6b') in 0.006851 seconds 
  Import took 0.009627 seconds .

========================================================================
Received Import Request.
  Time since last request: 0.000181 seconds.
  path: Assets/Sunnyland/artwork/Environment/map/tileset_43.asset
  artifactKey: Guid(fd5dbb2a5ce52874285022e076875b1b) Importer(815301076,1909f56bfc062723c751e8b465ee728b)
Start importing Assets/Sunnyland/artwork/Environment/map/tileset_43.asset using Guid(fd5dbb2a5ce52874285022e076875b1b) Importer(815301076,1909f56bfc062723c751e8b465ee728b)  -> (artifact id: 'eea6c90536ed08a48b20d9dcec6bef19') in 0.007067 seconds 
  Import took 0.009720 seconds .

========================================================================
Received Import Request.
  Time since last request: 0.000192 seconds.
  path: Assets/Sunnyland/artwork/Environment/map/tileset_45.asset
  artifactKey: Guid(49b721ffc2e14f047bcccaaecc5c15fe) Importer(815301076,1909f56bfc062723c751e8b465ee728b)
Start importing Assets/Sunnyland/artwork/Environment/map/tileset_45.asset using Guid(49b721ffc2e14f047bcccaaecc5c15fe) Importer(815301076,1909f56bfc062723c751e8b465ee728b)  -> (artifact id: 'a59fffe53449ffb0d52f7a4528e5b925') in 0.007119 seconds 
  Import took 0.009815 seconds .

========================================================================
Received Import Request.
  Time since last request: 0.000172 seconds.
  path: Assets/Sunnyland/artwork/Environment/map/tileset_51.asset
  artifactKey: Guid(cd63f25cd0cf0c54fa8cc1e8f0aeb03e) Importer(815301076,1909f56bfc062723c751e8b465ee728b)
Start importing Assets/Sunnyland/artwork/Environment/map/tileset_51.asset using Guid(cd63f25cd0cf0c54fa8cc1e8f0aeb03e) Importer(815301076,1909f56bfc062723c751e8b465ee728b)  -> (artifact id: '2fb999e31faafbbb25b70cdc9dcb2395') in 0.007027 seconds 
  Import took 0.009685 seconds .

========================================================================
Received Import Request.
  Time since last request: 0.000164 seconds.
  path: Assets/Sunnyland/artwork/Environment/map/tileset_53.asset
  artifactKey: Guid(6ced450e48e22c8429f532a013b3d0a3) Importer(815301076,1909f56bfc062723c751e8b465ee728b)
Start importing Assets/Sunnyland/artwork/Environment/map/tileset_53.asset using Guid(6ced450e48e22c8429f532a013b3d0a3) Importer(815301076,1909f56bfc062723c751e8b465ee728b)  -> (artifact id: '012e8dca9816ecf1734eba7455610bfb') in 0.006874 seconds 
  Import took 0.009570 seconds .

========================================================================
Received Import Request.
  Time since last request: 0.318751 seconds.
  path: Assets/Sunnyland/artwork/Environment/map/tileset_60.asset
  artifactKey: Guid(b3cb365f12854dc47a42c14aa72e0c2b) Importer(815301076,1909f56bfc062723c751e8b465ee728b)
Start importing Assets/Sunnyland/artwork/Environment/map/tileset_60.asset using Guid(b3cb365f12854dc47a42c14aa72e0c2b) Importer(815301076,1909f56bfc062723c751e8b465ee728b)  -> (artifact id: 'feeefc602b95d3cc4069953a48a2df56') in 0.008903 seconds 
  Import took 0.011866 seconds .

========================================================================
Received Import Request.
  Time since last request: 0.000198 seconds.
  path: Assets/Sunnyland/artwork/Environment/map/tileset_65.asset
  artifactKey: Guid(44fb649b407c2734aa03d2b780e55155) Importer(815301076,1909f56bfc062723c751e8b465ee728b)
Start importing Assets/Sunnyland/artwork/Environment/map/tileset_65.asset using Guid(44fb649b407c2734aa03d2b780e55155) Importer(815301076,1909f56bfc062723c751e8b465ee728b)  -> (artifact id: '2c825a45300e9c1098d19ddc57ab7bae') in 0.006733 seconds 
  Import took 0.009684 seconds .

========================================================================
Received Import Request.
  Time since last request: 0.000194 seconds.
  path: Assets/Sunnyland/artwork/Environment/map/tileset_62.asset
  artifactKey: Guid(60485df3cd9a2f24ea08ef3eca5e3d07) Importer(815301076,1909f56bfc062723c751e8b465ee728b)
Start importing Assets/Sunnyland/artwork/Environment/map/tileset_62.asset using Guid(60485df3cd9a2f24ea08ef3eca5e3d07) Importer(815301076,1909f56bfc062723c751e8b465ee728b)  -> (artifact id: '018d3c3069d522a941a05db51644f27a') in 0.006881 seconds 
  Import took 0.009607 seconds .

========================================================================
Received Import Request.
  Time since last request: 0.000193 seconds.
  path: Assets/Sunnyland/artwork/Environment/map/tileset_69.asset
  artifactKey: Guid(8c942206d9ca0ba47aebe62fbe75dd97) Importer(815301076,1909f56bfc062723c751e8b465ee728b)
Start importing Assets/Sunnyland/artwork/Environment/map/tileset_69.asset using Guid(8c942206d9ca0ba47aebe62fbe75dd97) Importer(815301076,1909f56bfc062723c751e8b465ee728b)  -> (artifact id: '9aea77fa73341a7f3d549004e8841780') in 0.007087 seconds 
  Import took 0.009950 seconds .

========================================================================
Received Import Request.
  Time since last request: 0.000199 seconds.
  path: Assets/Sunnyland/artwork/Environment/map/tileset_61.asset
  artifactKey: Guid(1259b0c9c69b84747af83bd5eaaad5eb) Importer(815301076,1909f56bfc062723c751e8b465ee728b)
Start importing Assets/Sunnyland/artwork/Environment/map/tileset_61.asset using Guid(1259b0c9c69b84747af83bd5eaaad5eb) Importer(815301076,1909f56bfc062723c751e8b465ee728b)  -> (artifact id: '592855a69e3b3483e61959ee243b490d') in 0.006657 seconds 
  Import took 0.009494 seconds .

========================================================================
Received Import Request.
  Time since last request: 0.000183 seconds.
  path: Assets/Sunnyland/artwork/Environment/map/tileset_74.asset
  artifactKey: Guid(9ccfc4b7ed015e14b88d88c635c2b125) Importer(815301076,1909f56bfc062723c751e8b465ee728b)
Start importing Assets/Sunnyland/artwork/Environment/map/tileset_74.asset using Guid(9ccfc4b7ed015e14b88d88c635c2b125) Importer(815301076,1909f56bfc062723c751e8b465ee728b)  -> (artifact id: 'ed7d3b5bf8617906b38b78e9fbfb624c') in 0.007020 seconds 
  Import took 0.009663 seconds .

========================================================================
Received Import Request.
  Time since last request: 0.000152 seconds.
  path: Assets/Sunnyland/artwork/Environment/map/tileset_75.asset
  artifactKey: Guid(36b5dba7f1df77a4aa96bff841bf3197) Importer(815301076,1909f56bfc062723c751e8b465ee728b)
Start importing Assets/Sunnyland/artwork/Environment/map/tileset_75.asset using Guid(36b5dba7f1df77a4aa96bff841bf3197) Importer(815301076,1909f56bfc062723c751e8b465ee728b)  -> (artifact id: '14deac871bd97f6f77e796f1f968c370') in 0.007131 seconds 
  Import took 0.009850 seconds .

========================================================================
Received Import Request.
  Time since last request: 0.000172 seconds.
  path: Assets/Sunnyland/artwork/Environment/map/tileset_87.asset
  artifactKey: Guid(8a4e7f1537e68864595cd0b90fed100c) Importer(815301076,1909f56bfc062723c751e8b465ee728b)
Start importing Assets/Sunnyland/artwork/Environment/map/tileset_87.asset using Guid(8a4e7f1537e68864595cd0b90fed100c) Importer(815301076,1909f56bfc062723c751e8b465ee728b)  -> (artifact id: '07b5c62a71ed39af82b188dde71032c3') in 0.007198 seconds 
  Import took 0.010084 seconds .

========================================================================
Received Import Request.
  Time since last request: 0.000163 seconds.
  path: Assets/Sunnyland/artwork/Environment/map/tileset_70.asset
  artifactKey: Guid(e60aec31fd6645444b5f40c0c85fbfa6) Importer(815301076,1909f56bfc062723c751e8b465ee728b)
Start importing Assets/Sunnyland/artwork/Environment/map/tileset_70.asset using Guid(e60aec31fd6645444b5f40c0c85fbfa6) Importer(815301076,1909f56bfc062723c751e8b465ee728b)  -> (artifact id: 'd4fc727d40c79e37fa746a844d5ee504') in 0.006818 seconds 
  Import took 0.009504 seconds .

========================================================================
Received Import Request.
  Time since last request: 0.000210 seconds.
  path: Assets/Sunnyland/artwork/Environment/map/tileset_77.asset
  artifactKey: Guid(4cd8ab191b518d642876d802baa15247) Importer(815301076,1909f56bfc062723c751e8b465ee728b)
Start importing Assets/Sunnyland/artwork/Environment/map/tileset_77.asset using Guid(4cd8ab191b518d642876d802baa15247) Importer(815301076,1909f56bfc062723c751e8b465ee728b)  -> (artifact id: 'd3730888014bc7da91bebdc31b7273cd') in 0.007200 seconds 
  Import took 0.010567 seconds .

========================================================================
Received Import Request.
  Time since last request: 0.000215 seconds.
  path: Assets/Sunnyland/artwork/Environment/map/tileset_83.asset
  artifactKey: Guid(260cae0bbae66da45bbb58f37f4858b2) Importer(815301076,1909f56bfc062723c751e8b465ee728b)
Start importing Assets/Sunnyland/artwork/Environment/map/tileset_83.asset using Guid(260cae0bbae66da45bbb58f37f4858b2) Importer(815301076,1909f56bfc062723c751e8b465ee728b)  -> (artifact id: '986ce5175c18143b2af034e3e53cb65f') in 0.006934 seconds 
  Import took 0.009830 seconds .

========================================================================
Received Import Request.
  Time since last request: 0.000205 seconds.
  path: Assets/Sunnyland/artwork/Environment/map/tileset_71.asset
  artifactKey: Guid(78dda830e27ad3e4b9c6c12b3e16c90b) Importer(815301076,1909f56bfc062723c751e8b465ee728b)
Start importing Assets/Sunnyland/artwork/Environment/map/tileset_71.asset using Guid(78dda830e27ad3e4b9c6c12b3e16c90b) Importer(815301076,1909f56bfc062723c751e8b465ee728b)  -> (artifact id: '04cf7673fd06b3ddee7561f70f731d4d') in 0.006684 seconds 
  Import took 0.009378 seconds .

========================================================================
Received Import Request.
  Time since last request: 0.000222 seconds.
  path: Assets/Sunnyland/artwork/Environment/map/tileset_84.asset
  artifactKey: Guid(5c525276333002e45b07da65109346d8) Importer(815301076,1909f56bfc062723c751e8b465ee728b)
Start importing Assets/Sunnyland/artwork/Environment/map/tileset_84.asset using Guid(5c525276333002e45b07da65109346d8) Importer(815301076,1909f56bfc062723c751e8b465ee728b)  -> (artifact id: 'b79d81876ac56b7c020360d1c13f2aff') in 0.007813 seconds 
  Import took 0.010963 seconds .

========================================================================
Received Import Request.
  Time since last request: 0.000183 seconds.
  path: Assets/Sunnyland/artwork/Environment/map/tileset_78.asset
  artifactKey: Guid(1db15ac3b2c4ae64fb12afdd453b4543) Importer(815301076,1909f56bfc062723c751e8b465ee728b)
Start importing Assets/Sunnyland/artwork/Environment/map/tileset_78.asset using Guid(1db15ac3b2c4ae64fb12afdd453b4543) Importer(815301076,1909f56bfc062723c751e8b465ee728b)  -> (artifact id: '3cae27aa8e3bf79649d79e5d025b6e44') in 0.006794 seconds 
  Import took 0.009631 seconds .

========================================================================
Received Import Request.
  Time since last request: 0.000161 seconds.
  path: Assets/Sunnyland/artwork/Environment/map/tileset_82.asset
  artifactKey: Guid(d65ff1c0cf3d52045828851e343a1fa3) Importer(815301076,1909f56bfc062723c751e8b465ee728b)
Start importing Assets/Sunnyland/artwork/Environment/map/tileset_82.asset using Guid(d65ff1c0cf3d52045828851e343a1fa3) Importer(815301076,1909f56bfc062723c751e8b465ee728b)  -> (artifact id: '54033d66694e7b0982d643e40817324b') in 0.006736 seconds 
  Import took 0.009802 seconds .

========================================================================
Received Import Request.
  Time since last request: 0.000160 seconds.
  path: Assets/Sunnyland/artwork/Environment/map/tileset_73.asset
  artifactKey: Guid(771ae3cccab46d846ac9e62175a90dbd) Importer(815301076,1909f56bfc062723c751e8b465ee728b)
Start importing Assets/Sunnyland/artwork/Environment/map/tileset_73.asset using Guid(771ae3cccab46d846ac9e62175a90dbd) Importer(815301076,1909f56bfc062723c751e8b465ee728b)  -> (artifact id: '659c16fc55c82003ae5f0d09e659496c') in 0.007335 seconds 
  Import took 0.010129 seconds .

========================================================================
Received Import Request.
  Time since last request: 0.000160 seconds.
  path: Assets/Sunnyland/artwork/Environment/map/tileset_89.asset
  artifactKey: Guid(bb1571622e397124b80fb0cbfa6cacd8) Importer(815301076,1909f56bfc062723c751e8b465ee728b)
Start importing Assets/Sunnyland/artwork/Environment/map/tileset_89.asset using Guid(bb1571622e397124b80fb0cbfa6cacd8) Importer(815301076,1909f56bfc062723c751e8b465ee728b)  -> (artifact id: '0c017d8e9b2b91405988cbffc4c34431') in 0.006868 seconds 
  Import took 0.009654 seconds .

========================================================================
Received Import Request.
  Time since last request: 0.000164 seconds.
  path: Assets/Sunnyland/artwork/Environment/map/tileset_85.asset
  artifactKey: Guid(2bb59e35a377ca849b4f7a1ba7799b9a) Importer(815301076,1909f56bfc062723c751e8b465ee728b)
Start importing Assets/Sunnyland/artwork/Environment/map/tileset_85.asset using Guid(2bb59e35a377ca849b4f7a1ba7799b9a) Importer(815301076,1909f56bfc062723c751e8b465ee728b)  -> (artifact id: 'e01b433a699581e260ed7a5f21d59b44') in 0.006896 seconds 
  Import took 0.009607 seconds .

========================================================================
Received Import Request.
  Time since last request: 0.000176 seconds.
  path: Assets/Sunnyland/artwork/Environment/map/tileset_86.asset
  artifactKey: Guid(ac938816f541c734ea671fb4923ec91a) Importer(815301076,1909f56bfc062723c751e8b465ee728b)
Start importing Assets/Sunnyland/artwork/Environment/map/tileset_86.asset using Guid(ac938816f541c734ea671fb4923ec91a) Importer(815301076,1909f56bfc062723c751e8b465ee728b)  -> (artifact id: 'd0bb43218b820309aee21c75e92ddb1b') in 0.007648 seconds 
  Import took 0.010430 seconds .

========================================================================
Received Import Request.
  Time since last request: 0.000147 seconds.
  path: Assets/Sunnyland/artwork/Environment/map/tileset_66.asset
  artifactKey: Guid(bad602e8af34a72478a5d0d25b47499b) Importer(815301076,1909f56bfc062723c751e8b465ee728b)
Start importing Assets/Sunnyland/artwork/Environment/map/tileset_66.asset using Guid(bad602e8af34a72478a5d0d25b47499b) Importer(815301076,1909f56bfc062723c751e8b465ee728b)  -> (artifact id: '95d2c0f2097267519f9897f0733dcbb1') in 0.007811 seconds 
  Import took 0.010638 seconds .

========================================================================
Received Import Request.
  Time since last request: 0.000192 seconds.
  path: Assets/Sunnyland/artwork/Environment/map/tileset_64.asset
  artifactKey: Guid(c90ccd4d46c701f439d1a1f934e74271) Importer(815301076,1909f56bfc062723c751e8b465ee728b)
Start importing Assets/Sunnyland/artwork/Environment/map/tileset_64.asset using Guid(c90ccd4d46c701f439d1a1f934e74271) Importer(815301076,1909f56bfc062723c751e8b465ee728b)  -> (artifact id: '37130c459f12c081fbff5448d58e3b51') in 0.006075 seconds 
  Import took 0.008891 seconds .

========================================================================
Received Import Request.
  Time since last request: 0.000182 seconds.
  path: Assets/Sunnyland/artwork/Environment/map/tileset_72.asset
  artifactKey: Guid(81fa3cfb968d5b242973875750707f4d) Importer(815301076,1909f56bfc062723c751e8b465ee728b)
Start importing Assets/Sunnyland/artwork/Environment/map/tileset_72.asset using Guid(81fa3cfb968d5b242973875750707f4d) Importer(815301076,1909f56bfc062723c751e8b465ee728b)  -> (artifact id: '150d5be08b7795b173ff2441da66d44d') in 0.006891 seconds 
  Import took 0.009540 seconds .

========================================================================
Received Import Request.
  Time since last request: 0.000200 seconds.
  path: Assets/Sunnyland/artwork/Environment/map/tileset_88.asset
  artifactKey: Guid(93d2a6769fe9c604497c356a04c06fdb) Importer(815301076,1909f56bfc062723c751e8b465ee728b)
Start importing Assets/Sunnyland/artwork/Environment/map/tileset_88.asset using Guid(93d2a6769fe9c604497c356a04c06fdb) Importer(815301076,1909f56bfc062723c751e8b465ee728b)  -> (artifact id: 'cf8ec9aa638456dd96bf49b3e1e5e91b') in 0.006644 seconds 
  Import took 0.009579 seconds .

========================================================================
Received Import Request.
  Time since last request: 0.000156 seconds.
  path: Assets/Sunnyland/artwork/Environment/map/tileset_79.asset
  artifactKey: Guid(ac8a9c49ab19ad1468807af33c9c6a54) Importer(815301076,1909f56bfc062723c751e8b465ee728b)
Start importing Assets/Sunnyland/artwork/Environment/map/tileset_79.asset using Guid(ac8a9c49ab19ad1468807af33c9c6a54) Importer(815301076,1909f56bfc062723c751e8b465ee728b)  -> (artifact id: '4389c5dbbb96ad8a23214649fbb0d615') in 0.006640 seconds 
  Import took 0.009404 seconds .

========================================================================
Received Import Request.
  Time since last request: 0.000193 seconds.
  path: Assets/Sunnyland/artwork/Environment/map/tileset_81.asset
  artifactKey: Guid(089a382c87483f74da1890e20aa9cde5) Importer(815301076,1909f56bfc062723c751e8b465ee728b)
Start importing Assets/Sunnyland/artwork/Environment/map/tileset_81.asset using Guid(089a382c87483f74da1890e20aa9cde5) Importer(815301076,1909f56bfc062723c751e8b465ee728b)  -> (artifact id: '40806da164d0d08ac6a95dafc8d40d16') in 0.006893 seconds 
  Import took 0.009611 seconds .

========================================================================
Received Import Request.
  Time since last request: 0.000182 seconds.
  path: Assets/Sunnyland/artwork/Environment/map/tileset_68.asset
  artifactKey: Guid(f91049e182a4c4245acf2491871c54ef) Importer(815301076,1909f56bfc062723c751e8b465ee728b)
Start importing Assets/Sunnyland/artwork/Environment/map/tileset_68.asset using Guid(f91049e182a4c4245acf2491871c54ef) Importer(815301076,1909f56bfc062723c751e8b465ee728b)  -> (artifact id: '4d90031f3a5d80a674a8ae8551e05ef0') in 0.006746 seconds 
  Import took 0.009423 seconds .

========================================================================
Received Import Request.
  Time since last request: 0.000201 seconds.
  path: Assets/Sunnyland/artwork/Environment/map/tileset_76.asset
  artifactKey: Guid(e303144d72c0e9645ad148a05ca63f24) Importer(815301076,1909f56bfc062723c751e8b465ee728b)
Start importing Assets/Sunnyland/artwork/Environment/map/tileset_76.asset using Guid(e303144d72c0e9645ad148a05ca63f24) Importer(815301076,1909f56bfc062723c751e8b465ee728b)  -> (artifact id: '6395bfa8107b7ed7211e433280506549') in 0.006941 seconds 
  Import took 0.009770 seconds .

========================================================================
Received Import Request.
  Time since last request: 0.000178 seconds.
  path: Assets/Sunnyland/artwork/Environment/map/tileset_67.asset
  artifactKey: Guid(9e0b6e945d27d6949a083f29708dbeb4) Importer(815301076,1909f56bfc062723c751e8b465ee728b)
Start importing Assets/Sunnyland/artwork/Environment/map/tileset_67.asset using Guid(9e0b6e945d27d6949a083f29708dbeb4) Importer(815301076,1909f56bfc062723c751e8b465ee728b)  -> (artifact id: '161b7680e3789ef2b5d80b339a71cd85') in 0.008233 seconds 
  Import took 0.010938 seconds .

========================================================================
Received Import Request.
  Time since last request: 0.000168 seconds.
  path: Assets/Sunnyland/artwork/Environment/map/tileset_80.asset
  artifactKey: Guid(f9e0fb6cfad486b429c276b98751cbe4) Importer(815301076,1909f56bfc062723c751e8b465ee728b)
Start importing Assets/Sunnyland/artwork/Environment/map/tileset_80.asset using Guid(f9e0fb6cfad486b429c276b98751cbe4) Importer(815301076,1909f56bfc062723c751e8b465ee728b)  -> (artifact id: '6d40d52563efb356d9aa86e4722efea9') in 0.007507 seconds 
  Import took 0.010400 seconds .

========================================================================
Received Import Request.
  Time since last request: 0.000201 seconds.
  path: Assets/Sunnyland/artwork/Environment/map/tileset_63.asset
  artifactKey: Guid(cafd1380ae739ea4c9d6af9dba7953bb) Importer(815301076,1909f56bfc062723c751e8b465ee728b)
Start importing Assets/Sunnyland/artwork/Environment/map/tileset_63.asset using Guid(cafd1380ae739ea4c9d6af9dba7953bb) Importer(815301076,1909f56bfc062723c751e8b465ee728b)  -> (artifact id: '5e2a6d26b79e613c5eec120f847d40f1') in 0.006654 seconds 
  Import took 0.009572 seconds .

========================================================================
Received Import Request.
  Time since last request: 1.263834 seconds.
  path: Assets/Sunnyland/artwork/Environment/map/tileset_90.asset
  artifactKey: Guid(69771b9bac1801c43adf9df8eaf013d8) Importer(815301076,1909f56bfc062723c751e8b465ee728b)
Start importing Assets/Sunnyland/artwork/Environment/map/tileset_90.asset using Guid(69771b9bac1801c43adf9df8eaf013d8) Importer(815301076,1909f56bfc062723c751e8b465ee728b)  -> (artifact id: '4563dedf5ee4eea9009a75221048ddf9') in 0.006743 seconds 
  Import took 0.009675 seconds .

========================================================================
Received Import Request.
  Time since last request: 0.000166 seconds.
  path: Assets/Sunnyland/artwork/Environment/map/tileset_95.asset
  artifactKey: Guid(74285bf8fc72a2947ab301e1a5bd51ab) Importer(815301076,1909f56bfc062723c751e8b465ee728b)
Start importing Assets/Sunnyland/artwork/Environment/map/tileset_95.asset using Guid(74285bf8fc72a2947ab301e1a5bd51ab) Importer(815301076,1909f56bfc062723c751e8b465ee728b)  -> (artifact id: '86ccd9d850984f046c776a09cfbd0ecc') in 0.006327 seconds 
  Import took 0.009115 seconds .

========================================================================
Received Import Request.
  Time since last request: 0.000206 seconds.
  path: Assets/Sunnyland/artwork/Environment/map/tileset_100.asset
  artifactKey: Guid(d96dc0b31c8cf904c85c52d06e1f28fd) Importer(815301076,1909f56bfc062723c751e8b465ee728b)
Start importing Assets/Sunnyland/artwork/Environment/map/tileset_100.asset using Guid(d96dc0b31c8cf904c85c52d06e1f28fd) Importer(815301076,1909f56bfc062723c751e8b465ee728b)  -> (artifact id: '7708ac2362e587bdd6ef2775cc02d0ef') in 0.006539 seconds 
  Import took 0.009249 seconds .

========================================================================
Received Import Request.
  Time since last request: 0.000173 seconds.
  path: Assets/Sunnyland/artwork/Environment/map/tileset_105.asset
  artifactKey: Guid(165b88e499aa7e742aca21ea89585009) Importer(815301076,1909f56bfc062723c751e8b465ee728b)
Start importing Assets/Sunnyland/artwork/Environment/map/tileset_105.asset using Guid(165b88e499aa7e742aca21ea89585009) Importer(815301076,1909f56bfc062723c751e8b465ee728b)  -> (artifact id: 'b33e64d7bd8655552979fb0ed21f2552') in 0.006528 seconds 
  Import took 0.009305 seconds .

========================================================================
Received Import Request.
  Time since last request: 0.000184 seconds.
  path: Assets/Sunnyland/artwork/Environment/map/tileset_91.asset
  artifactKey: Guid(3f15e6cee8e8bfc43abd9391df0e92ab) Importer(815301076,1909f56bfc062723c751e8b465ee728b)
Start importing Assets/Sunnyland/artwork/Environment/map/tileset_91.asset using Guid(3f15e6cee8e8bfc43abd9391df0e92ab) Importer(815301076,1909f56bfc062723c751e8b465ee728b)  -> (artifact id: 'cf9bda2458aba283d3131e8278cceca5') in 0.007095 seconds 
  Import took 0.009874 seconds .

========================================================================
Received Import Request.
  Time since last request: 0.000188 seconds.
  path: Assets/Sunnyland/artwork/Environment/map/tileset_99.asset
  artifactKey: Guid(f2f814eba9a8c4340a88c41ad5abeb5b) Importer(815301076,1909f56bfc062723c751e8b465ee728b)
Start importing Assets/Sunnyland/artwork/Environment/map/tileset_99.asset using Guid(f2f814eba9a8c4340a88c41ad5abeb5b) Importer(815301076,1909f56bfc062723c751e8b465ee728b)  -> (artifact id: 'f7bd7b1629456f2467eeb1ecb3c7e57b') in 0.006222 seconds 
  Import took 0.008956 seconds .

========================================================================
Received Import Request.
  Time since last request: 0.000163 seconds.
  path: Assets/Sunnyland/artwork/Environment/map/tileset_97.asset
  artifactKey: Guid(6f71aeec5f0113b41a97619e972cf8cf) Importer(815301076,1909f56bfc062723c751e8b465ee728b)
Start importing Assets/Sunnyland/artwork/Environment/map/tileset_97.asset using Guid(6f71aeec5f0113b41a97619e972cf8cf) Importer(815301076,1909f56bfc062723c751e8b465ee728b)  -> (artifact id: '9d3664049c00febae84ea086256613b8') in 0.006346 seconds 
  Import took 0.009159 seconds .

========================================================================
Received Import Request.
  Time since last request: 0.000172 seconds.
  path: Assets/Sunnyland/artwork/Environment/map/tileset_125.asset
  artifactKey: Guid(989b58d6af9618c4cb8020b25fa1eb2e) Importer(815301076,1909f56bfc062723c751e8b465ee728b)
Start importing Assets/Sunnyland/artwork/Environment/map/tileset_125.asset using Guid(989b58d6af9618c4cb8020b25fa1eb2e) Importer(815301076,1909f56bfc062723c751e8b465ee728b)  -> (artifact id: '9b4040fd3039a03725758ea397d9f9c9') in 0.006613 seconds 
  Import took 0.009188 seconds .

========================================================================
Received Import Request.
  Time since last request: 0.000177 seconds.
  path: Assets/Sunnyland/artwork/Environment/map/tileset_127.asset
  artifactKey: Guid(8438379015ff03745b81837f73b214f6) Importer(815301076,1909f56bfc062723c751e8b465ee728b)
Start importing Assets/Sunnyland/artwork/Environment/map/tileset_127.asset using Guid(8438379015ff03745b81837f73b214f6) Importer(815301076,1909f56bfc062723c751e8b465ee728b)  -> (artifact id: 'da4293b114cbc940e23d6e30cb757046') in 0.006555 seconds 
  Import took 0.009457 seconds .

========================================================================
Received Import Request.
  Time since last request: 0.000188 seconds.
  path: Assets/Sunnyland/artwork/Environment/map/tileset_126.asset
  artifactKey: Guid(f52bdfae6d4e9f74b8751192ac88299f) Importer(815301076,1909f56bfc062723c751e8b465ee728b)
Start importing Assets/Sunnyland/artwork/Environment/map/tileset_126.asset using Guid(f52bdfae6d4e9f74b8751192ac88299f) Importer(815301076,1909f56bfc062723c751e8b465ee728b)  -> (artifact id: '3b429d934bb7a129d2faa7c0dd180040') in 0.006490 seconds 
  Import took 0.009252 seconds .

========================================================================
Received Import Request.
  Time since last request: 0.000153 seconds.
  path: Assets/Sunnyland/artwork/Environment/map/tileset_120.asset
  artifactKey: Guid(10e5a374ae322d34fb0f12fb021e5ae7) Importer(815301076,1909f56bfc062723c751e8b465ee728b)
Start importing Assets/Sunnyland/artwork/Environment/map/tileset_120.asset using Guid(10e5a374ae322d34fb0f12fb021e5ae7) Importer(815301076,1909f56bfc062723c751e8b465ee728b)  -> (artifact id: '9b9c423e11ec8e69483e4dee938afc67') in 0.006585 seconds 
  Import took 0.009495 seconds .

========================================================================
Received Import Request.
  Time since last request: 0.000179 seconds.
  path: Assets/Sunnyland/artwork/Environment/map/tileset_121.asset
  artifactKey: Guid(f56513457b8708644a246bcb6b18cdba) Importer(815301076,1909f56bfc062723c751e8b465ee728b)
Start importing Assets/Sunnyland/artwork/Environment/map/tileset_121.asset using Guid(f56513457b8708644a246bcb6b18cdba) Importer(815301076,1909f56bfc062723c751e8b465ee728b)  -> (artifact id: 'e07437eb73cdab508541292b29050756') in 0.006713 seconds 
  Import took 0.009391 seconds .

========================================================================
Received Import Request.
  Time since last request: 0.000287 seconds.
  path: Assets/Sunnyland/artwork/Environment/map/tileset_116.asset
  artifactKey: Guid(8499eb2433d0d2246add7cf2a4570d5d) Importer(815301076,1909f56bfc062723c751e8b465ee728b)
Start importing Assets/Sunnyland/artwork/Environment/map/tileset_116.asset using Guid(8499eb2433d0d2246add7cf2a4570d5d) Importer(815301076,1909f56bfc062723c751e8b465ee728b)  -> (artifact id: '055f6e939c1b03fba76572c3e9d91650') in 0.006662 seconds 
  Import took 0.009530 seconds .

========================================================================
Received Import Request.
  Time since last request: 0.000174 seconds.
  path: Assets/Sunnyland/artwork/Environment/map/tileset_122.asset
  artifactKey: Guid(df8d13e4b8ac4f245b389be60c8507f2) Importer(815301076,1909f56bfc062723c751e8b465ee728b)
Start importing Assets/Sunnyland/artwork/Environment/map/tileset_122.asset using Guid(df8d13e4b8ac4f245b389be60c8507f2) Importer(815301076,1909f56bfc062723c751e8b465ee728b)  -> (artifact id: 'e7d7cb6a97a0df080f73b64bcdfb305f') in 0.006649 seconds 
  Import took 0.009234 seconds .

========================================================================
Received Import Request.
  Time since last request: 0.000192 seconds.
  path: Assets/Sunnyland/artwork/Environment/map/tileset_93.asset
  artifactKey: Guid(828bb8eb99b59fc4d959c9ca196b305e) Importer(815301076,1909f56bfc062723c751e8b465ee728b)
Start importing Assets/Sunnyland/artwork/Environment/map/tileset_93.asset using Guid(828bb8eb99b59fc4d959c9ca196b305e) Importer(815301076,1909f56bfc062723c751e8b465ee728b)  -> (artifact id: 'f922a68a08d2f1bb3fd82994ab57c34b') in 0.006603 seconds 
  Import took 0.009296 seconds .

========================================================================
Received Import Request.
  Time since last request: 0.000164 seconds.
  path: Assets/Sunnyland/artwork/Environment/map/tileset_101.asset
  artifactKey: Guid(9ae0a7bf9c1aefe4fbfd672d4c075ab8) Importer(815301076,1909f56bfc062723c751e8b465ee728b)
Start importing Assets/Sunnyland/artwork/Environment/map/tileset_101.asset using Guid(9ae0a7bf9c1aefe4fbfd672d4c075ab8) Importer(815301076,1909f56bfc062723c751e8b465ee728b)  -> (artifact id: '5d408dff53325bec747c8fe8c9234373') in 0.006787 seconds 
  Import took 0.009561 seconds .

========================================================================
Received Import Request.
  Time since last request: 0.000144 seconds.
  path: Assets/Sunnyland/artwork/Environment/map/tileset_114.asset
  artifactKey: Guid(5956b5b14987fc54aa36daf00465eca5) Importer(815301076,1909f56bfc062723c751e8b465ee728b)
Start importing Assets/Sunnyland/artwork/Environment/map/tileset_114.asset using Guid(5956b5b14987fc54aa36daf00465eca5) Importer(815301076,1909f56bfc062723c751e8b465ee728b)  -> (artifact id: '5e0ee981193ea2c660a3b8298b3ae6e8') in 0.006526 seconds 
  Import took 0.009142 seconds .

========================================================================
Received Import Request.
  Time since last request: 0.000164 seconds.
  path: Assets/Sunnyland/artwork/Environment/map/tileset_96.asset
  artifactKey: Guid(0bd7f3a3e25dd5140bace2f2044ded38) Importer(815301076,1909f56bfc062723c751e8b465ee728b)
Start importing Assets/Sunnyland/artwork/Environment/map/tileset_96.asset using Guid(0bd7f3a3e25dd5140bace2f2044ded38) Importer(815301076,1909f56bfc062723c751e8b465ee728b)  -> (artifact id: '5fc876ada048ed33aa68f898d3aca76f') in 0.006441 seconds 
  Import took 0.009153 seconds .

========================================================================
Received Import Request.
  Time since last request: 0.000177 seconds.
  path: Assets/Sunnyland/artwork/Environment/map/tileset_108.asset
  artifactKey: Guid(60ae167ed7b407f429f2f72338c25b9b) Importer(815301076,1909f56bfc062723c751e8b465ee728b)
Start importing Assets/Sunnyland/artwork/Environment/map/tileset_108.asset using Guid(60ae167ed7b407f429f2f72338c25b9b) Importer(815301076,1909f56bfc062723c751e8b465ee728b)  -> (artifact id: 'c786d39e4f64935c98a1745a9472ecc5') in 0.006836 seconds 
  Import took 0.009739 seconds .

========================================================================
Received Import Request.
  Time since last request: 0.000189 seconds.
  path: Assets/Sunnyland/artwork/Environment/map/tileset_102.asset
  artifactKey: Guid(c0f2f861fc022f44988200e84bcd1eb9) Importer(815301076,1909f56bfc062723c751e8b465ee728b)
Start importing Assets/Sunnyland/artwork/Environment/map/tileset_102.asset using Guid(c0f2f861fc022f44988200e84bcd1eb9) Importer(815301076,1909f56bfc062723c751e8b465ee728b)  -> (artifact id: '5dce041ba9f2d9a7ab0a33c22c472db5') in 0.006833 seconds 
  Import took 0.009572 seconds .

========================================================================
Received Import Request.
  Time since last request: 0.000204 seconds.
  path: Assets/Sunnyland/artwork/Environment/map/tileset_110.asset
  artifactKey: Guid(96f39737ac254f146b39ed91544de0b9) Importer(815301076,1909f56bfc062723c751e8b465ee728b)
Start importing Assets/Sunnyland/artwork/Environment/map/tileset_110.asset using Guid(96f39737ac254f146b39ed91544de0b9) Importer(815301076,1909f56bfc062723c751e8b465ee728b)  -> (artifact id: '300befe3ab7da21a6d5883fc47a92f5f') in 0.006357 seconds 
  Import took 0.009071 seconds .

========================================================================
Received Import Request.
  Time since last request: 0.000180 seconds.
  path: Assets/Sunnyland/artwork/Environment/map/tileset_98.asset
  artifactKey: Guid(9af46364595c91344aa4c0a8daacefda) Importer(815301076,1909f56bfc062723c751e8b465ee728b)
Start importing Assets/Sunnyland/artwork/Environment/map/tileset_98.asset using Guid(9af46364595c91344aa4c0a8daacefda) Importer(815301076,1909f56bfc062723c751e8b465ee728b)  -> (artifact id: '741a924c554952148f6fbd1d953d694b') in 0.006965 seconds 
  Import took 0.009697 seconds .

========================================================================
Received Import Request.
  Time since last request: 0.000189 seconds.
  path: Assets/Sunnyland/artwork/Environment/map/tileset_94.asset
  artifactKey: Guid(ac17c80026bad3b49a27cd8827ec0e75) Importer(815301076,1909f56bfc062723c751e8b465ee728b)
Start importing Assets/Sunnyland/artwork/Environment/map/tileset_94.asset using Guid(ac17c80026bad3b49a27cd8827ec0e75) Importer(815301076,1909f56bfc062723c751e8b465ee728b)  -> (artifact id: '64f1ea6929d7cb5556ed0619cb3713a4') in 0.006544 seconds 
  Import took 0.009302 seconds .

========================================================================
Received Import Request.
  Time since last request: 0.000178 seconds.
  path: Assets/Sunnyland/artwork/Environment/map/tileset_118.asset
  artifactKey: Guid(30db88cf805a5394bb77a8c1fb9e7c18) Importer(815301076,1909f56bfc062723c751e8b465ee728b)
Start importing Assets/Sunnyland/artwork/Environment/map/tileset_118.asset using Guid(30db88cf805a5394bb77a8c1fb9e7c18) Importer(815301076,1909f56bfc062723c751e8b465ee728b)  -> (artifact id: '299b583973713e0fed748e460570924e') in 0.006879 seconds 
  Import took 0.009825 seconds .

========================================================================
Received Import Request.
  Time since last request: 0.000152 seconds.
  path: Assets/Sunnyland/artwork/Environment/map/tileset_115.asset
  artifactKey: Guid(b387cc4858afc3a4885e1d97934fe301) Importer(815301076,1909f56bfc062723c751e8b465ee728b)
Start importing Assets/Sunnyland/artwork/Environment/map/tileset_115.asset using Guid(b387cc4858afc3a4885e1d97934fe301) Importer(815301076,1909f56bfc062723c751e8b465ee728b)  -> (artifact id: '1b37004888ec207d2d4f58cbfabed2d0') in 0.006292 seconds 
  Import took 0.008929 seconds .

========================================================================
Received Import Request.
  Time since last request: 0.000178 seconds.
  path: Assets/Sunnyland/artwork/Environment/map/tileset_119.asset
  artifactKey: Guid(1c186fadfcd881842b106d7ca4919130) Importer(815301076,1909f56bfc062723c751e8b465ee728b)
Start importing Assets/Sunnyland/artwork/Environment/map/tileset_119.asset using Guid(1c186fadfcd881842b106d7ca4919130) Importer(815301076,1909f56bfc062723c751e8b465ee728b)  -> (artifact id: '9cc061358b3f8c9a269956dc749523e7') in 0.006391 seconds 
  Import took 0.009162 seconds .

========================================================================
Received Import Request.
  Time since last request: 0.000214 seconds.
  path: Assets/Sunnyland/artwork/Environment/map/tileset_106.asset
  artifactKey: Guid(8abf1101e978a344eac57e74a147e252) Importer(815301076,1909f56bfc062723c751e8b465ee728b)
Start importing Assets/Sunnyland/artwork/Environment/map/tileset_106.asset using Guid(8abf1101e978a344eac57e74a147e252) Importer(815301076,1909f56bfc062723c751e8b465ee728b)  -> (artifact id: 'a926ba894d19dd6a28e61107faa9995b') in 0.006579 seconds 
  Import took 0.009279 seconds .

========================================================================
Received Import Request.
  Time since last request: 0.000199 seconds.
  path: Assets/Sunnyland/artwork/Environment/map/tileset_107.asset
  artifactKey: Guid(e6faacc936228bf40a44fbe3a2969a32) Importer(815301076,1909f56bfc062723c751e8b465ee728b)
Start importing Assets/Sunnyland/artwork/Environment/map/tileset_107.asset using Guid(e6faacc936228bf40a44fbe3a2969a32) Importer(815301076,1909f56bfc062723c751e8b465ee728b)  -> (artifact id: '7150942efb51f49e92f9512cf303395b') in 0.006833 seconds 
  Import took 0.009518 seconds .

========================================================================
Received Import Request.
  Time since last request: 0.000192 seconds.
  path: Assets/Sunnyland/artwork/Environment/map/tileset_112.asset
  artifactKey: Guid(db4fe46432a1e364dab9cd853f83510d) Importer(815301076,1909f56bfc062723c751e8b465ee728b)
Start importing Assets/Sunnyland/artwork/Environment/map/tileset_112.asset using Guid(db4fe46432a1e364dab9cd853f83510d) Importer(815301076,1909f56bfc062723c751e8b465ee728b)  -> (artifact id: '6a95d72ab3dd943b8f1a4504019c2204') in 0.006647 seconds 
  Import took 0.009354 seconds .

========================================================================
Received Import Request.
  Time since last request: 0.000192 seconds.
  path: Assets/Sunnyland/artwork/Environment/map/tileset_124.asset
  artifactKey: Guid(089bff220b2557043b20165bc6bbc01e) Importer(815301076,1909f56bfc062723c751e8b465ee728b)
Start importing Assets/Sunnyland/artwork/Environment/map/tileset_124.asset using Guid(089bff220b2557043b20165bc6bbc01e) Importer(815301076,1909f56bfc062723c751e8b465ee728b)  -> (artifact id: 'ba5dd6b2e5fe8812ff4ea6086a4f8cb5') in 0.006513 seconds 
  Import took 0.009170 seconds .

========================================================================
Received Import Request.
  Time since last request: 0.000149 seconds.
  path: Assets/Sunnyland/artwork/Environment/map/tileset_92.asset
  artifactKey: Guid(9bcefaee2af34a14b879f8fb31d455e7) Importer(815301076,1909f56bfc062723c751e8b465ee728b)
Start importing Assets/Sunnyland/artwork/Environment/map/tileset_92.asset using Guid(9bcefaee2af34a14b879f8fb31d455e7) Importer(815301076,1909f56bfc062723c751e8b465ee728b)  -> (artifact id: '959f2bfcb5964f797e220977a630697f') in 0.006647 seconds 
  Import took 0.009413 seconds .

========================================================================
Received Import Request.
  Time since last request: 0.000182 seconds.
  path: Assets/Sunnyland/artwork/Environment/map/tileset_103.asset
  artifactKey: Guid(e6841a1f4db843f479aa44e76e71b318) Importer(815301076,1909f56bfc062723c751e8b465ee728b)
Start importing Assets/Sunnyland/artwork/Environment/map/tileset_103.asset using Guid(e6841a1f4db843f479aa44e76e71b318) Importer(815301076,1909f56bfc062723c751e8b465ee728b)  -> (artifact id: '26511f919f6fd6de443a92654e8c5ffd') in 0.006862 seconds 
  Import took 0.009623 seconds .

========================================================================
Received Import Request.
  Time since last request: 0.000175 seconds.
  path: Assets/Sunnyland/artwork/Environment/map/tileset_117.asset
  artifactKey: Guid(708133515d244fc48aeb12444aa3fd46) Importer(815301076,1909f56bfc062723c751e8b465ee728b)
Start importing Assets/Sunnyland/artwork/Environment/map/tileset_117.asset using Guid(708133515d244fc48aeb12444aa3fd46) Importer(815301076,1909f56bfc062723c751e8b465ee728b)  -> (artifact id: 'ee277e84e37474ef64c7b39b26f50499') in 0.006903 seconds 
  Import took 0.009816 seconds .

========================================================================
Received Import Request.
  Time since last request: 0.000226 seconds.
  path: Assets/Sunnyland/artwork/Environment/map/tileset_111.asset
  artifactKey: Guid(b8b0dd10d9ef9cf4999037c15c09a709) Importer(815301076,1909f56bfc062723c751e8b465ee728b)
Start importing Assets/Sunnyland/artwork/Environment/map/tileset_111.asset using Guid(b8b0dd10d9ef9cf4999037c15c09a709) Importer(815301076,1909f56bfc062723c751e8b465ee728b)  -> (artifact id: '03419420d52327cdcfd55a90ce2fdee7') in 0.007131 seconds 
  Import took 0.009984 seconds .

========================================================================
Received Import Request.
  Time since last request: 0.000165 seconds.
  path: Assets/Sunnyland/artwork/Environment/map/tileset_123.asset
  artifactKey: Guid(3227d0dab0e76064cacafc9a26130f5c) Importer(815301076,1909f56bfc062723c751e8b465ee728b)
Start importing Assets/Sunnyland/artwork/Environment/map/tileset_123.asset using Guid(3227d0dab0e76064cacafc9a26130f5c) Importer(815301076,1909f56bfc062723c751e8b465ee728b)  -> (artifact id: 'c84f7a2aa14f31576edaa2245a2e6ec3') in 0.008934 seconds 
  Import took 0.011901 seconds .

========================================================================
Received Import Request.
  Time since last request: 0.000183 seconds.
  path: Assets/Sunnyland/artwork/Environment/map/tileset_104.asset
  artifactKey: Guid(1841f1b9f2b2ea440b26a4285a728d0e) Importer(815301076,1909f56bfc062723c751e8b465ee728b)
Start importing Assets/Sunnyland/artwork/Environment/map/tileset_104.asset using Guid(1841f1b9f2b2ea440b26a4285a728d0e) Importer(815301076,1909f56bfc062723c751e8b465ee728b)  -> (artifact id: '16c778aff6d5e8bc89467942059a423c') in 0.008986 seconds 
  Import took 0.011882 seconds .

========================================================================
Received Import Request.
  Time since last request: 0.000167 seconds.
  path: Assets/Sunnyland/artwork/Environment/map/tileset_113.asset
  artifactKey: Guid(7d0441a81d8a50748b60b7606f686402) Importer(815301076,1909f56bfc062723c751e8b465ee728b)
Start importing Assets/Sunnyland/artwork/Environment/map/tileset_113.asset using Guid(7d0441a81d8a50748b60b7606f686402) Importer(815301076,1909f56bfc062723c751e8b465ee728b)  -> (artifact id: '9253e5087239ee70d4222892fee05b14') in 0.011322 seconds 
  Import took 0.014274 seconds .

========================================================================
Received Import Request.
  Time since last request: 0.000187 seconds.
  path: Assets/Sunnyland/artwork/Environment/map/tileset_109.asset
  artifactKey: Guid(7e084189328da2446aea1f928926a090) Importer(815301076,1909f56bfc062723c751e8b465ee728b)
Start importing Assets/Sunnyland/artwork/Environment/map/tileset_109.asset using Guid(7e084189328da2446aea1f928926a090) Importer(815301076,1909f56bfc062723c751e8b465ee728b)  -> (artifact id: 'cd53d4f7984637c9ba055a5aed2f6c05') in 0.007042 seconds 
  Import took 0.010137 seconds .

AssetImportWorkerClient::OnTransportError - code=2 error=End of file
